This is pdfTeX, Version 3.1415926-1.40.10 (TeX Live 2009/Debian) (format=pdflatex 2011.5.2)  14 JUL 2011 16:57
entering extended mode
 %&-line parsing enabled.
**catedits.tex
(./catedits.tex
LaTeX2e <2009/09/24>
Babel <v3.8l> and hyphenation patterns for english, usenglishmax, dumylang, noh
yphenation, loaded.
(/usr/share/texmf-texlive/tex/latex/base/article.cls
Document Class: article 2007/10/19 v1.4h Standard LaTeX document class
(/usr/share/texmf-texlive/tex/latex/base/size11.clo
File: size11.clo 2007/10/19 v1.4h Standard LaTeX file (size option)
)
\c@part=\count79
\c@section=\count80
\c@subsection=\count81
\c@subsubsection=\count82
\c@paragraph=\count83
\c@subparagraph=\count84
\c@figure=\count85
\c@table=\count86
\abovecaptionskip=\skip41
\belowcaptionskip=\skip42
\bibindent=\dimen102
)
(/usr/share/texmf-texlive/tex/latex/tools/array.sty
Package: array 2008/09/09 v2.4c Tabular extension package (FMi)
\col@sep=\dimen103
\extrarowheight=\dimen104
\NC@list=\toks14
\extratabsurround=\skip43
\backup@length=\skip44
)
(/usr/share/texmf-texlive/tex/latex/graphics/color.sty
Package: color 2005/11/14 v1.0j Standard LaTeX Color (DPC)

(/etc/texmf/tex/latex/config/color.cfg
File: color.cfg 2007/01/18 v1.5 color configuration of teTeX/TeXLive
)
Package color Info: Driver file: pdftex.def on input line 130.

(/usr/share/texmf-texlive/tex/latex/pdftex-def/pdftex.def
File: pdftex.def 2010/03/12 v0.04p Graphics/color for pdfTeX
\Gread@gobject=\count87
))
(/usr/share/texmf-texlive/tex/latex/colortbl/colortbl.sty
Package: colortbl 2001/02/13 v0.1j Color table columns (DPC)
\everycr=\toks15
\minrowclearance=\skip45
) (./catedits.aux)
\openout1 = `catedits.aux'.

LaTeX Font Info:    Checking defaults for OML/cmm/m/it on input line 66.
LaTeX Font Info:    ... okay on input line 66.
LaTeX Font Info:    Checking defaults for T1/cmr/m/n on input line 66.
LaTeX Font Info:    ... okay on input line 66.
LaTeX Font Info:    Checking defaults for OT1/cmr/m/n on input line 66.
LaTeX Font Info:    ... okay on input line 66.
LaTeX Font Info:    Checking defaults for OMS/cmsy/m/n on input line 66.
LaTeX Font Info:    ... okay on input line 66.
LaTeX Font Info:    Checking defaults for OMX/cmex/m/n on input line 66.
LaTeX Font Info:    ... okay on input line 66.
LaTeX Font Info:    Checking defaults for U/cmr/m/n on input line 66.
LaTeX Font Info:    ... okay on input line 66.

(/usr/share/texmf-texlive/tex/context/base/supp-pdf.mkii
[Loading MPS to PDF converter (version 2006.09.02).]
\scratchcounter=\count88
\scratchdimen=\dimen105
\scratchbox=\box26
\nofMPsegments=\count89
\nofMParguments=\count90
\everyMPshowfont=\toks16
\MPscratchCnt=\count91
\MPscratchDim=\dimen106
\MPnumerator=\count92
\everyMPtoPDFconversion=\toks17
)
LaTeX Font Info:    External font `cmex10' loaded for size
(Font)              <10.95> on input line 72.
LaTeX Font Info:    External font `cmex10' loaded for size
(Font)              <8> on input line 72.
LaTeX Font Info:    External font `cmex10' loaded for size
(Font)              <6> on input line 72.

Overfull \hbox (3.83356pt too wide) in paragraph at lines 77--85
[]|$[]$| 
 []


Overfull \hbox (3.83356pt too wide) in paragraph at lines 95--102
[]|$[]$| 
 []


Overfull \hbox (3.83356pt too wide) in paragraph at lines 112--119
[]|$[]$| 
 []


Overfull \hbox (3.83356pt too wide) in paragraph at lines 132--139
[]|$[]$| 
 []


Overfull \hbox (3.83356pt too wide) in paragraph at lines 151--158
[]|$[]$| 
 []


Overfull \hbox (3.83356pt too wide) in paragraph at lines 173--180
[]|$[]$| 
 []


Overfull \hbox (3.83356pt too wide) in paragraph at lines 192--199
[]|$[]$| 
 []


Overfull \hbox (3.83356pt too wide) in paragraph at lines 213--220
[]|$[]$| 
 []

[1

{/var/lib/texmf/fonts/map/pdftex/updmap/pdftex.map}] (./catedits.aux) ) 
Here is how much of TeX's memory you used:
 888 strings out of 495061
 10610 string characters out of 1182622
 89642 words of memory out of 3000000
 4121 multiletter control sequences out of 15000+50000
 6379 words of font info for 23 fonts, out of 3000000 for 9000
 28 hyphenation exceptions out of 8191
 34i,21n,19p,159b,188s stack positions out of 5000i,500n,10000p,200000b,50000s
</usr/sh
are/texmf-texlive/fonts/type1/public/amsfonts/cm/cmmi10.pfb></usr/share/texmf-t
exlive/fonts/type1/public/amsfonts/cm/cmr10.pfb></usr/share/texmf-texlive/fonts
/type1/public/amsfonts/cm/cmr8.pfb></usr/share/texmf-texlive/fonts/type1/public
/amsfonts/cm/cmsy10.pfb></usr/share/texmf-texlive/fonts/type1/public/amsfonts/l
atxfont/lcircle1.pfb></usr/share/texmf-texlive/fonts/type1/public/amsfonts/latx
font/lcirclew.pfb></usr/share/texmf-texlive/fonts/type1/public/amsfonts/latxfon
t/line10.pfb></usr/share/texmf-texlive/fonts/type1/public/amsfonts/latxfont/lin
ew10.pfb>
Output written on catedits.pdf (1 page, 54218 bytes).
PDF statistics:
 38 PDF objects out of 1000 (max. 8388607)
 0 named destinations out of 1000 (max. 500000)
 1 words of extra memory for PDF output out of 10000 (max. 10000000)

